
                            < M A T L A B (R) >
                  Copyright 1984-2014 The MathWorks, Inc.
                    R2014a (8.3.0.532) 64-bit (glnxa64)
                             February 11, 2014

 
To get started, type one of these: helpwin, helpdesk, or demo.
For product information, visit www.mathworks.com.
 
>> >> >> >> >> 
str =

Monte Carlo back test, CIR


str =

Running model CIR path 1

Consumption turned off
Consumption turned off
Consumption turned off
Consumption turned off
Consumption turned off
Consumption turned off
Consumption turned off
Consumption turned off
Consumption turned off
Consumption turned off
Consumption turned off
Consumption turned off
Consumption turned off
Consumption turned off
Consumption turned off
Consumption turned off
Consumption turned off

annualizedRet =

    0.0741

Elapsed time is 2256.018873 seconds.

str =

Running model CIR path 2

Consumption turned off
Consumption turned off
Consumption turned off
Consumption turned off
Consumption turned off
Consumption turned off
Consumption turned off
Consumption turned off
Consumption turned off
Consumption turned off

annualizedRet =

   -0.1001

Elapsed time is 1514.349055 seconds.

str =

Running model CIR path 3

Consumption turned off
Consumption turned off
Consumption turned off
Consumption turned off
Consumption turned off
Consumption turned off
Consumption turned off
Consumption turned off
Consumption turned off
Consumption turned off
Consumption turned off
Consumption turned off
Consumption turned off
Consumption turned off
Consumption turned off
Consumption turned off
Consumption turned off
Consumption turned off
Consumption turned off

annualizedRet =

   -0.0076

Elapsed time is 2366.876835 seconds.

str =

Running model CIR path 4

Consumption turned off
Consumption turned off
Consumption turned off
Consumption turned off
Consumption turned off
Consumption turned off
Consumption turned off
Consumption turned off
Consumption turned off
Consumption turned off
Consumption turned off
Consumption turned off
Consumption turned off
Consumption turned off
Consumption turned off
Consumption turned off
Consumption turned off
Consumption turned off
Consumption turned off
Consumption turned off
Consumption turned off
Consumption turned off
Consumption turned off
Consumption turned off
Consumption turned off
Consumption turned off

annualizedRet =

    0.2527

Elapsed time is 2905.799274 seconds.

str =

Running model CIR path 5

Consumption turned off
Consumption turned off
Consumption turned off
Consumption turned off
Consumption turned off
Consumption turned off
Consumption turned off
Consumption turned off

annualizedRet =

   -0.1186

Elapsed time is 1227.303645 seconds.

str =

Running model CIR path 6

Consumption turned off
Consumption turned off
Consumption turned off
Consumption turned off
Consumption turned off
Consumption turned off
Consumption turned off
Consumption turned off
Consumption turned off
Consumption turned off
Consumption turned off
Consumption turned off
Consumption turned off
Consumption turned off
Consumption turned off
Consumption turned off
Consumption turned off
Consumption turned off
Consumption turned off
Consumption turned off
Consumption turned off
Consumption turned off
Consumption turned off
Consumption turned off
Consumption turned off
Consumption turned off
Consumption turned off
Consumption turned off
Consumption turned off

annualizedRet =

    0.2347

Elapsed time is 3037.545769 seconds.

str =

Running model CIR path 7

Consumption turned off
Consumption turned off
Consumption turned off
Consumption turned off
Consumption turned off
Consumption turned off
Consumption turned off
Consumption turned off
Consumption turned off
Consumption turned off
Consumption turned off
Consumption turned off
Consumption turned off
Consumption turned off
Consumption turned off
Consumption turned off
Consumption turned off
Consumption turned off
Consumption turned off
Consumption turned off

annualizedRet =

    0.0064

Elapsed time is 2634.318173 seconds.

str =

Running model CIR path 8

Consumption turned off
Consumption turned off
Consumption turned off
Consumption turned off
Consumption turned off
Consumption turned off
Consumption turned off
Consumption turned off
Consumption turned off
Consumption turned off
Consumption turned off
Consumption turned off
Consumption turned off
Consumption turned off
Consumption turned off
Consumption turned off
Consumption turned off
Consumption turned off
Consumption turned off
Consumption turned off
Consumption turned off
Consumption turned off
Consumption turned off
Consumption turned off
Consumption turned off
Consumption turned off
Consumption turned off
Consumption turned off
Consumption turned off
Consumption turned off
Consumption turned off
Consumption turned off
Consumption turned off
Consumption turned off
Consumption turned off
Consumption turned off
Consumption turned off
Consumption turned off
Consumption turned off
Consumption turned off
Consumption turned off
Consumption turned off
Consumption turned off
Consumption turned off

annualizedRet =

    0.2282

Elapsed time is 3700.481848 seconds.

str =

Running model CIR path 9

Consumption turned off
Consumption turned off
Consumption turned off
Consumption turned off
Consumption turned off
Consumption turned off
Consumption turned off
Consumption turned off
Consumption turned off
Consumption turned off
Consumption turned off
Consumption turned off
Consumption turned off
Consumption turned off
Consumption turned off
Consumption turned off
Consumption turned off
Consumption turned off
Consumption turned off
Consumption turned off
Consumption turned off
Consumption turned off
Consumption turned off
Consumption turned off
Consumption turned off
Consumption turned off
Consumption turned off

annualizedRet =

   -0.0689

Elapsed time is 2967.460101 seconds.

str =

Running model CIR path 10

Consumption turned off
Consumption turned off
Consumption turned off
Consumption turned off
Consumption turned off
Consumption turned off
Consumption turned off
Consumption turned off
Consumption turned off
Consumption turned off
Consumption turned off
Consumption turned off
Consumption turned off
Consumption turned off
Consumption turned off
Consumption turned off

annualizedRet =

    0.2447

Elapsed time is 2106.531562 seconds.

str =

Running model CIR path 11

Consumption turned off
Consumption turned off
Consumption turned off
Consumption turned off
Consumption turned off
Consumption turned off
Consumption turned off
Consumption turned off
Consumption turned off

annualizedRet =

    0.0398

Elapsed time is 1403.411398 seconds.

str =

Running model CIR path 12

Consumption turned off
Consumption turned off
Consumption turned off
Consumption turned off
Consumption turned off
Consumption turned off
Consumption turned off
Consumption turned off
Consumption turned off
Consumption turned off
Consumption turned off
Consumption turned off
Consumption turned off

annualizedRet =

   -0.0564

Elapsed time is 1851.907551 seconds.

str =

Running model CIR path 13

Consumption turned off
Consumption turned off
Consumption turned off
Consumption turned off
Consumption turned off
Consumption turned off
Consumption turned off
Consumption turned off
Consumption turned off
Consumption turned off
Consumption turned off
Consumption turned off
Consumption turned off
Consumption turned off
Consumption turned off
Consumption turned off
Consumption turned off
Consumption turned off
Consumption turned off
Consumption turned off
Consumption turned off
Consumption turned off
Consumption turned off
Consumption turned off
Consumption turned off
Consumption turned off
Consumption turned off
Consumption turned off

annualizedRet =

   -0.0848

Elapsed time is 2923.044214 seconds.

str =

Running model CIR path 14

Consumption turned off
Consumption turned off
Consumption turned off
Consumption turned off
Consumption turned off
Consumption turned off
Consumption turned off
Consumption turned off
Consumption turned off
Consumption turned off
Consumption turned off
Consumption turned off

annualizedRet =

   -0.0718

Elapsed time is 1773.869422 seconds.

str =

Running model CIR path 15

Consumption turned off
Consumption turned off
Consumption turned off
Consumption turned off
Consumption turned off
Consumption turned off
Consumption turned off
Consumption turned off
Consumption turned off
Consumption turned off
Consumption turned off
Consumption turned off
Consumption turned off
Consumption turned off
Consumption turned off
Consumption turned off
Consumption turned off
Consumption turned off
Consumption turned off
Consumption turned off
Consumption turned off
Consumption turned off
Consumption turned off
Consumption turned off
Consumption turned off
Consumption turned off
Consumption turned off

annualizedRet =

    0.2145

Elapsed time is 2923.494497 seconds.

str =

Running model CIR path 16

Consumption turned off
Consumption turned off
Consumption turned off
Consumption turned off
Consumption turned off
Consumption turned off
Consumption turned off
Consumption turned off
Consumption turned off

annualizedRet =

   -0.0633

Elapsed time is 1312.493404 seconds.

str =

Running model CIR path 17

Consumption turned off
Consumption turned off
Consumption turned off
Consumption turned off
Consumption turned off
Consumption turned off
Consumption turned off
Consumption turned off
Consumption turned off
Consumption turned off
Consumption turned off

annualizedRet =

   -0.0580

Elapsed time is 1593.729814 seconds.

str =

Running model CIR path 18

Consumption turned off
Consumption turned off
Consumption turned off
Consumption turned off
Consumption turned off
Consumption turned off
Consumption turned off
Consumption turned off
Consumption turned off
Consumption turned off
Consumption turned off
Consumption turned off
Consumption turned off
Consumption turned off
Consumption turned off
Consumption turned off
Consumption turned off
Consumption turned off
Consumption turned off
Consumption turned off
Consumption turned off
Consumption turned off
Consumption turned off
Consumption turned off

annualizedRet =

    0.0410

Elapsed time is 2698.916162 seconds.

str =

Running model CIR path 19

Consumption turned off
Consumption turned off
Consumption turned off
Consumption turned off
Consumption turned off
Consumption turned off
Consumption turned off
Consumption turned off

annualizedRet =

   -0.0370

Elapsed time is 1232.737678 seconds.

str =

Running model CIR path 20

Consumption turned off
Consumption turned off
Consumption turned off
Consumption turned off
Consumption turned off
Consumption turned off
Consumption turned off
Consumption turned off
Consumption turned off
Consumption turned off
Consumption turned off
Consumption turned off
Consumption turned off
Consumption turned off
Consumption turned off
Consumption turned off
Consumption turned off
Consumption turned off

annualizedRet =

   -0.0345

Elapsed time is 2360.293185 seconds.

str =

Running model CIR path 21

Consumption turned off
Consumption turned off
Consumption turned off
Consumption turned off
Consumption turned off
Consumption turned off
Consumption turned off
Consumption turned off
Consumption turned off
Consumption turned off
Consumption turned off
Consumption turned off
Consumption turned off
Consumption turned off
Consumption turned off
Consumption turned off
Consumption turned off
Consumption turned off
Consumption turned off
Consumption turned off
Consumption turned off
Consumption turned off
Consumption turned off
Consumption turned off

annualizedRet =

    0.2159

Elapsed time is 2758.870767 seconds.

str =

Running model CIR path 22

Consumption turned off
Consumption turned off
Consumption turned off
Consumption turned off
Consumption turned off
Consumption turned off
Consumption turned off
Consumption turned off
Consumption turned off
Consumption turned off
Consumption turned off
Consumption turned off
Consumption turned off
Consumption turned off
Consumption turned off
Consumption turned off
Consumption turned off
Consumption turned off
Consumption turned off
Consumption turned off
Consumption turned off
Consumption turned off
Consumption turned off
Consumption turned off
Consumption turned off
Consumption turned off
Consumption turned off
Consumption turned off
Consumption turned off

annualizedRet =

    0.0502

Elapsed time is 2997.806168 seconds.

str =

Running model CIR path 23

Consumption turned off
Consumption turned off
Consumption turned off
Consumption turned off
Consumption turned off
Consumption turned off
Consumption turned off
Consumption turned off
Consumption turned off
Consumption turned off
Consumption turned off
Consumption turned off

annualizedRet =

    0.2019

Elapsed time is 1777.869232 seconds.

str =

Running model CIR path 24

Consumption turned off
Consumption turned off
Consumption turned off
Consumption turned off
Consumption turned off
Consumption turned off
Consumption turned off
Consumption turned off
Consumption turned off
Consumption turned off
Consumption turned off
Consumption turned off
Consumption turned off
Consumption turned off
Consumption turned off
Consumption turned off
Consumption turned off
Consumption turned off
Consumption turned off
Consumption turned off
Consumption turned off
Consumption turned off
Consumption turned off
Consumption turned off
Consumption turned off
Consumption turned off
Consumption turned off
Consumption turned off
Consumption turned off
Consumption turned off
Consumption turned off
Consumption turned off
Consumption turned off
Consumption turned off
Consumption turned off
Consumption turned off
Consumption turned off
Consumption turned off
Consumption turned off
Consumption turned off
Consumption turned off
Consumption turned off

annualizedRet =

    0.4407

Elapsed time is 3440.941041 seconds.

str =

Running model CIR path 25

Consumption turned off
Consumption turned off
Consumption turned off
Consumption turned off
Consumption turned off
Consumption turned off

annualizedRet =

   -0.0595

Elapsed time is 956.267506 seconds.

str =

Running model CIR path 26

Consumption turned off
Consumption turned off
Consumption turned off
Consumption turned off
Consumption turned off
Consumption turned off
Consumption turned off
Consumption turned off
Consumption turned off
Consumption turned off
Consumption turned off
Consumption turned off
Consumption turned off
Consumption turned off
Consumption turned off
Consumption turned off
Consumption turned off
Consumption turned off
Consumption turned off
Consumption turned off
Consumption turned off

annualizedRet =

   -0.0767

Elapsed time is 2453.998779 seconds.

str =

Running model CIR path 27

Consumption turned off
Consumption turned off
Consumption turned off
Consumption turned off
Consumption turned off
Consumption turned off
Consumption turned off
Consumption turned off
Consumption turned off
Consumption turned off
Consumption turned off
Consumption turned off
Consumption turned off
Consumption turned off
Consumption turned off
Consumption turned off
Consumption turned off
Consumption turned off
Consumption turned off
Consumption turned off
Consumption turned off
Consumption turned off
Consumption turned off
Consumption turned off
Consumption turned off
Consumption turned off

annualizedRet =

    0.2008

Elapsed time is 2835.194235 seconds.

str =

Running model CIR path 28

Consumption turned off
Consumption turned off
Consumption turned off
Consumption turned off
Consumption turned off
Consumption turned off
Consumption turned off
Consumption turned off

annualizedRet =

   -0.0516

Elapsed time is 1221.506754 seconds.

str =

Running model CIR path 29

Consumption turned off
Consumption turned off
Consumption turned off
Consumption turned off
Consumption turned off
Consumption turned off
Consumption turned off
Consumption turned off
Consumption turned off
Consumption turned off
Consumption turned off
Consumption turned off
Consumption turned off
Consumption turned off
Consumption turned off
Consumption turned off
Consumption turned off
Consumption turned off
Consumption turned off
Consumption turned off
Consumption turned off
Consumption turned off
Consumption turned off
Consumption turned off
Consumption turned off
Consumption turned off
Consumption turned off
Consumption turned off
Consumption turned off
Consumption turned off

annualizedRet =

    0.0781

Elapsed time is 3999.342864 seconds.

str =

Running model CIR path 30

Consumption turned off
Consumption turned off
Consumption turned off
Consumption turned off
Consumption turned off
Consumption turned off
Consumption turned off
Consumption turned off
Consumption turned off
Consumption turned off
Consumption turned off
Consumption turned off
Consumption turned off
Consumption turned off

annualizedRet =

   -0.0886

Elapsed time is 2296.758706 seconds.

str =

Running model CIR path 31

Consumption turned off
Consumption turned off
Consumption turned off
Consumption turned off
Consumption turned off
Consumption turned off
Consumption turned off
Consumption turned off
Consumption turned off
Consumption turned off
Consumption turned off
Consumption turned off
Consumption turned off
Consumption turned off
Consumption turned off
Consumption turned off

annualizedRet =

   -0.1055

Elapsed time is 2026.938233 seconds.

str =

Running model CIR path 32

Consumption turned off
Consumption turned off
Consumption turned off
Consumption turned off
Consumption turned off

annualizedRet =

   -0.0518

Elapsed time is 770.868728 seconds.

str =

Running model CIR path 33

Consumption turned off
Consumption turned off
Consumption turned off

annualizedRet =

   -0.0612

Elapsed time is 479.192692 seconds.

str =

Running model CIR path 34

Consumption turned off
Consumption turned off
Consumption turned off
Consumption turned off
Consumption turned off
Consumption turned off

annualizedRet =

    0.2155

Elapsed time is 912.477334 seconds.

str =

Running model CIR path 35

Consumption turned off
Consumption turned off
Consumption turned off
Consumption turned off
Consumption turned off
Consumption turned off
Consumption turned off
Consumption turned off
Consumption turned off
Consumption turned off
Consumption turned off
Consumption turned off
Consumption turned off
Consumption turned off
Consumption turned off
Consumption turned off
Consumption turned off
Consumption turned off
Consumption turned off
Consumption turned off
Consumption turned off

annualizedRet =

    0.2583

Elapsed time is 3014.399727 seconds.

str =

Running model CIR path 36

Consumption turned off
Consumption turned off
Consumption turned off
Consumption turned off
Consumption turned off
Consumption turned off
Consumption turned off
Consumption turned off
Consumption turned off
Consumption turned off
Consumption turned off

annualizedRet =

   -0.0487

Elapsed time is 1562.651036 seconds.

str =

Running model CIR path 37

Consumption turned off
Consumption turned off
Consumption turned off
Consumption turned off
Consumption turned off
Consumption turned off
Consumption turned off
Consumption turned off
Consumption turned off
Consumption turned off
Consumption turned off
Consumption turned off
Consumption turned off
Consumption turned off
Consumption turned off
Consumption turned off
Consumption turned off
Consumption turned off
Consumption turned off
Consumption turned off
Consumption turned off
Consumption turned off
Consumption turned off
Consumption turned off
Consumption turned off
Consumption turned off
Consumption turned off
Consumption turned off
Consumption turned off

annualizedRet =

    0.2054

Elapsed time is 3155.400550 seconds.

str =

Running model CIR path 38

Consumption turned off
Consumption turned off
Consumption turned off
Consumption turned off
Consumption turned off
Consumption turned off
Consumption turned off
Consumption turned off
Consumption turned off
Consumption turned off
Consumption turned off
Consumption turned off
Consumption turned off
Consumption turned off
Consumption turned off
Consumption turned off
Consumption turned off
Consumption turned off
Consumption turned off
Consumption turned off

annualizedRet =

    0.0512

Elapsed time is 2398.329133 seconds.

str =

Running model CIR path 39

Consumption turned off
Consumption turned off
Consumption turned off
Consumption turned off
Consumption turned off
Consumption turned off
Consumption turned off
Consumption turned off
Consumption turned off

annualizedRet =

   -0.0382

Elapsed time is 1387.530356 seconds.

str =

Running model CIR path 40

Consumption turned off
Consumption turned off
Consumption turned off
Consumption turned off
Consumption turned off
Consumption turned off
Consumption turned off
Consumption turned off
Consumption turned off
Consumption turned off
Consumption turned off
Consumption turned off
Consumption turned off
Consumption turned off

annualizedRet =

   -0.1077

Elapsed time is 1918.655557 seconds.

str =

Running model CIR path 41

Consumption turned off
Consumption turned off
Consumption turned off
Consumption turned off
Consumption turned off
Consumption turned off
Consumption turned off
Consumption turned off
Consumption turned off
Consumption turned off
Consumption turned off

annualizedRet =

   -0.0850

Elapsed time is 1806.160796 seconds.

str =

Running model CIR path 42

Consumption turned off
Consumption turned off
Consumption turned off
Consumption turned off
Consumption turned off
Consumption turned off
Consumption turned off
Consumption turned off
Consumption turned off
Consumption turned off
Consumption turned off
Consumption turned off
Consumption turned off
Consumption turned off
Consumption turned off
Consumption turned off
Consumption turned off
Consumption turned off
Consumption turned off
Consumption turned off
Consumption turned off

annualizedRet =

    0.0291

Elapsed time is 2573.064868 seconds.

str =

Running model CIR path 43

Consumption turned off
Consumption turned off
Consumption turned off
Consumption turned off
Consumption turned off
Consumption turned off
Consumption turned off
Consumption turned off
Consumption turned off
Consumption turned off
Consumption turned off
Consumption turned off
Consumption turned off
Consumption turned off
Consumption turned off
Consumption turned off
Consumption turned off
Consumption turned off

annualizedRet =

    0.0543

Elapsed time is 2409.818882 seconds.

str =

Running model CIR path 44

Consumption turned off
Consumption turned off
Consumption turned off
Consumption turned off
Consumption turned off
Consumption turned off
Consumption turned off
Consumption turned off
Consumption turned off
Consumption turned off
Consumption turned off
Consumption turned off
Consumption turned off
Consumption turned off
Consumption turned off
Consumption turned off
Consumption turned off
Consumption turned off
Consumption turned off
Consumption turned off
Consumption turned off
Consumption turned off
Consumption turned off
Consumption turned off

annualizedRet =

    0.2065

Elapsed time is 2755.277313 seconds.

str =

Running model CIR path 45

Consumption turned off
Consumption turned off
Consumption turned off
Consumption turned off
Consumption turned off
Consumption turned off
Consumption turned off
Consumption turned off
Consumption turned off
Consumption turned off
Consumption turned off
Consumption turned off
Consumption turned off
Consumption turned off
Consumption turned off
Consumption turned off
Consumption turned off
Consumption turned off
Consumption turned off
Consumption turned off
Consumption turned off
Consumption turned off
Consumption turned off
Consumption turned off
Consumption turned off
Consumption turned off
Consumption turned off
Consumption turned off
Consumption turned off
Consumption turned off
Consumption turned off
Consumption turned off
Consumption turned off
Consumption turned off
Consumption turned off

annualizedRet =

   -0.0409

Elapsed time is 3305.100947 seconds.

str =

Running model CIR path 46

Consumption turned off
Consumption turned off
Consumption turned off
Consumption turned off
Consumption turned off
Consumption turned off
Consumption turned off
Consumption turned off
Consumption turned off
Consumption turned off
Consumption turned off
Consumption turned off
Consumption turned off
Consumption turned off
Consumption turned off
Consumption turned off
Consumption turned off
Consumption turned off
Consumption turned off
Consumption turned off
Consumption turned off

annualizedRet =

   -0.1019

Elapsed time is 2820.611461 seconds.

str =

Running model CIR path 47

Consumption turned off
Consumption turned off
Consumption turned off
Consumption turned off
Consumption turned off
Consumption turned off
Consumption turned off
Consumption turned off
Consumption turned off
Consumption turned off
Consumption turned off
Consumption turned off
Consumption turned off
Consumption turned off
Consumption turned off
Consumption turned off
Consumption turned off
Consumption turned off
Consumption turned off
Consumption turned off
Consumption turned off
Consumption turned off

annualizedRet =

   -0.0682

Elapsed time is 2893.846509 seconds.

str =

Running model CIR path 48

Consumption turned off
Consumption turned off
Consumption turned off
Consumption turned off
Consumption turned off
Consumption turned off
Consumption turned off
Consumption turned off
Consumption turned off
Consumption turned off
Consumption turned off
Consumption turned off
Consumption turned off
Consumption turned off
Consumption turned off
Consumption turned off
Consumption turned off
Consumption turned off
Consumption turned off
Consumption turned off
Consumption turned off
Consumption turned off
Consumption turned off
Consumption turned off
Consumption turned off
Consumption turned off
Consumption turned off

annualizedRet =

    0.0549

Elapsed time is 2905.856545 seconds.

str =

Running model CIR path 49

Consumption turned off
Consumption turned off
Consumption turned off
Consumption turned off
Consumption turned off
Consumption turned off
Consumption turned off
Consumption turned off
Consumption turned off
Consumption turned off
Consumption turned off
Consumption turned off
Consumption turned off
Consumption turned off
Consumption turned off
Consumption turned off
Consumption turned off
Consumption turned off
Consumption turned off
Consumption turned off
Consumption turned off
Consumption turned off
Consumption turned off

annualizedRet =

    0.2063

Elapsed time is 2735.605908 seconds.

str =

Running model CIR path 50

Consumption turned off
Consumption turned off
Consumption turned off
Consumption turned off
Consumption turned off
Consumption turned off
Consumption turned off
Consumption turned off

annualizedRet =

   -0.0740

Elapsed time is 1380.774071 seconds.

str =

Running model CIR path 51

Consumption turned off
Consumption turned off
Consumption turned off
Consumption turned off
Consumption turned off
Consumption turned off
Consumption turned off
Consumption turned off
Consumption turned off
Consumption turned off
Consumption turned off
Consumption turned off
Consumption turned off

annualizedRet =

    0.2395

Elapsed time is 2958.991497 seconds.

str =

Running model CIR path 52

Consumption turned off
Consumption turned off
Consumption turned off
Consumption turned off
Consumption turned off
Consumption turned off
Consumption turned off
Consumption turned off
Consumption turned off
Consumption turned off
Consumption turned off
Consumption turned off
Consumption turned off
Consumption turned off
Consumption turned off
Consumption turned off
Consumption turned off
Consumption turned off
Consumption turned off
Consumption turned off
Consumption turned off
Consumption turned off
Consumption turned off
Consumption turned off
Consumption turned off
Consumption turned off
Consumption turned off
Consumption turned off
Consumption turned off
Consumption turned off
Consumption turned off
Consumption turned off
Consumption turned off
Consumption turned off
Consumption turned off
Consumption turned off
Consumption turned off
Consumption turned off
Consumption turned off
Consumption turned off

annualizedRet =

    0.2366

Elapsed time is 4833.565797 seconds.

str =

Running model CIR path 53

Consumption turned off
Consumption turned off
Consumption turned off
Consumption turned off
Consumption turned off
Consumption turned off
Consumption turned off
Consumption turned off
Consumption turned off
Consumption turned off
Consumption turned off

annualizedRet =

    0.2109

Elapsed time is 1574.512095 seconds.

str =

Running model CIR path 54

Consumption turned off
Consumption turned off
Consumption turned off
Consumption turned off
Consumption turned off
Consumption turned off
Consumption turned off
Consumption turned off
Consumption turned off
Consumption turned off
Consumption turned off
Consumption turned off
Consumption turned off

annualizedRet =

   -0.0729

Elapsed time is 1745.914420 seconds.

str =

Running model CIR path 55

Consumption turned off
Consumption turned off
Consumption turned off
Consumption turned off
Consumption turned off
Consumption turned off
Consumption turned off
Consumption turned off
Consumption turned off
Consumption turned off
Consumption turned off
Consumption turned off

annualizedRet =

    0.0458

Elapsed time is 1667.205102 seconds.

str =

Running model CIR path 56

Consumption turned off
Consumption turned off
Consumption turned off
Consumption turned off
Consumption turned off
Consumption turned off
Consumption turned off

annualizedRet =

   -0.1118

Elapsed time is 1058.975809 seconds.

str =

Running model CIR path 57

Consumption turned off
Consumption turned off
Consumption turned off
Consumption turned off
Consumption turned off
Consumption turned off
Consumption turned off
Consumption turned off
Consumption turned off
Consumption turned off
Consumption turned off
Consumption turned off
Consumption turned off
Consumption turned off
Consumption turned off

annualizedRet =

    0.0511

Elapsed time is 2010.786389 seconds.

str =

Running model CIR path 58

Consumption turned off
Consumption turned off
Consumption turned off
Consumption turned off
Consumption turned off
Consumption turned off
Consumption turned off
Consumption turned off
Consumption turned off
Consumption turned off
Consumption turned off
Consumption turned off
Consumption turned off
Consumption turned off

annualizedRet =

   -0.0677

Elapsed time is 1900.351451 seconds.

str =

Running model CIR path 59

Consumption turned off
Consumption turned off
Consumption turned off
Consumption turned off
Consumption turned off
Consumption turned off
Consumption turned off
Consumption turned off
Consumption turned off
Consumption turned off
Consumption turned off
Consumption turned off
Consumption turned off
Consumption turned off
Consumption turned off
Consumption turned off
Consumption turned off
Consumption turned off
Consumption turned off
Consumption turned off
Consumption turned off
Consumption turned off

annualizedRet =

    0.0747

Elapsed time is 2881.804725 seconds.

str =

Running model CIR path 60

Consumption turned off
Consumption turned off
Consumption turned off
Consumption turned off
Consumption turned off
Consumption turned off
Consumption turned off
Consumption turned off
Consumption turned off
Consumption turned off
Consumption turned off
Consumption turned off

annualizedRet =

    0.2127

Elapsed time is 1646.958813 seconds.

str =

Running model CIR path 61

Consumption turned off
Consumption turned off
Consumption turned off
Consumption turned off
Consumption turned off
Consumption turned off
Consumption turned off
Consumption turned off
Consumption turned off
Consumption turned off
Consumption turned off
Consumption turned off
Consumption turned off
Consumption turned off
Consumption turned off
Consumption turned off
Consumption turned off
Consumption turned off
Consumption turned off
Consumption turned off
Consumption turned off
Consumption turned off
Consumption turned off
Consumption turned off
Consumption turned off
Consumption turned off
Consumption turned off
Consumption turned off
Consumption turned off
Consumption turned off
Consumption turned off
Consumption turned off
Consumption turned off
Consumption turned off
Consumption turned off
Consumption turned off
Consumption turned off
Consumption turned off
Consumption turned off
Consumption turned off
Consumption turned off
Consumption turned off
Consumption turned off
Consumption turned off
Consumption turned off
Consumption turned off
Consumption turned off
Consumption turned off
Consumption turned off
Consumption turned off

annualizedRet =

    0.1426

Elapsed time is 3700.434143 seconds.

str =

Running model CIR path 62

Consumption turned off
Consumption turned off
Consumption turned off
Consumption turned off
Consumption turned off
Consumption turned off
Consumption turned off
Consumption turned off
Consumption turned off
Consumption turned off
Consumption turned off
Consumption turned off
Consumption turned off
Consumption turned off
Consumption turned off
Consumption turned off
Consumption turned off
Consumption turned off
Consumption turned off

annualizedRet =

    0.2056

Elapsed time is 2748.409061 seconds.

str =

Running model CIR path 63

Consumption turned off
Consumption turned off
Consumption turned off
Consumption turned off
Consumption turned off
Consumption turned off

annualizedRet =

   -0.0855

Elapsed time is 954.097107 seconds.

str =

Running model CIR path 64

Consumption turned off
Consumption turned off
Consumption turned off
Consumption turned off
Consumption turned off
Consumption turned off
Consumption turned off
Consumption turned off
Consumption turned off
Consumption turned off
Consumption turned off
Consumption turned off
Consumption turned off
Consumption turned off
Consumption turned off
Consumption turned off
Consumption turned off
Consumption turned off
Consumption turned off

annualizedRet =

    0.2420

Elapsed time is 2246.110105 seconds.

str =

Running model CIR path 65

Consumption turned off
Consumption turned off
Consumption turned off
Consumption turned off

annualizedRet =

   -0.0290

Elapsed time is 617.528389 seconds.

str =

Running model CIR path 66

Consumption turned off
Consumption turned off
Consumption turned off
Consumption turned off
Consumption turned off
Consumption turned off
Consumption turned off
Consumption turned off
Consumption turned off
Consumption turned off
Consumption turned off
Consumption turned off
Consumption turned off
Consumption turned off
Consumption turned off
Consumption turned off
Consumption turned off
Consumption turned off
Consumption turned off
Consumption turned off
Consumption turned off
Consumption turned off
Consumption turned off
Consumption turned off
Consumption turned off
Consumption turned off
Consumption turned off
Consumption turned off
Consumption turned off
Consumption turned off
Consumption turned off
Consumption turned off
Consumption turned off
Consumption turned off
Consumption turned off
Consumption turned off
Consumption turned off
Consumption turned off
Consumption turned off
Consumption turned off
Consumption turned off
Consumption turned off
Consumption turned off
Consumption turned off
Consumption turned off
Consumption turned off
Consumption turned off
Consumption turned off
Consumption turned off
Consumption turned off

annualizedRet =

    0.1788

Elapsed time is 3210.852070 seconds.

str =

Running model CIR path 67

Consumption turned off
Consumption turned off
Consumption turned off
Consumption turned off
Consumption turned off
Consumption turned off
Consumption turned off
Consumption turned off
Consumption turned off
Consumption turned off
Consumption turned off
Consumption turned off
Consumption turned off
Consumption turned off
Consumption turned off
Consumption turned off
Consumption turned off

annualizedRet =

    0.2010

Elapsed time is 2019.977270 seconds.

str =

Running model CIR path 68

Consumption turned off
Consumption turned off
Consumption turned off
Consumption turned off
Consumption turned off
Consumption turned off
Consumption turned off
Consumption turned off
Consumption turned off
Consumption turned off
Consumption turned off
Consumption turned off
Consumption turned off

annualizedRet =

   -0.0460

Elapsed time is 1779.876262 seconds.

str =

Running model CIR path 69

Consumption turned off
Consumption turned off
Consumption turned off
Consumption turned off
Consumption turned off
Consumption turned off
Consumption turned off
Consumption turned off
Consumption turned off
Consumption turned off
Consumption turned off
Consumption turned off
Consumption turned off
Consumption turned off

annualizedRet =

   -0.1073

Elapsed time is 1877.894693 seconds.

str =

Running model CIR path 70

Consumption turned off
Consumption turned off
Consumption turned off
Consumption turned off
Consumption turned off
Consumption turned off
Consumption turned off
Consumption turned off
Consumption turned off
Consumption turned off
Consumption turned off
Consumption turned off

annualizedRet =

   -0.1189

Elapsed time is 1645.344548 seconds.

str =

Running model CIR path 71

Consumption turned off
Consumption turned off
Consumption turned off
Consumption turned off
Consumption turned off
Consumption turned off

annualizedRet =

   -0.0843

Elapsed time is 962.081207 seconds.

str =

Running model CIR path 72

Consumption turned off
Consumption turned off
Consumption turned off
Consumption turned off
Consumption turned off
Consumption turned off
Consumption turned off
Consumption turned off
Consumption turned off
Consumption turned off
Consumption turned off
Consumption turned off
Consumption turned off
Consumption turned off
Consumption turned off
Consumption turned off
Consumption turned off
Consumption turned off
Consumption turned off
Consumption turned off

annualizedRet =

    0.2088

Elapsed time is 3235.569801 seconds.

str =

Running model CIR path 73

Consumption turned off
Consumption turned off
Consumption turned off
Consumption turned off
Consumption turned off

annualizedRet =

    0.2053

Elapsed time is 815.378388 seconds.

str =

Running model CIR path 74

Consumption turned off
Consumption turned off
Consumption turned off
Consumption turned off
Consumption turned off
Consumption turned off
Consumption turned off
Consumption turned off
Consumption turned off
Consumption turned off
Consumption turned off
Consumption turned off
Consumption turned off
Consumption turned off
Consumption turned off
Consumption turned off
Consumption turned off
Consumption turned off
Consumption turned off
Consumption turned off
Consumption turned off
Consumption turned off
Consumption turned off
Consumption turned off
Consumption turned off
Consumption turned off
Consumption turned off
Consumption turned off

annualizedRet =

   -0.1282

Elapsed time is 3048.199394 seconds.

str =

Running model CIR path 75

Consumption turned off
Consumption turned off
Consumption turned off
Consumption turned off
Consumption turned off
Consumption turned off
Consumption turned off
Consumption turned off
Consumption turned off
Consumption turned off
Consumption turned off
Consumption turned off
Consumption turned off
Consumption turned off
Consumption turned off
Consumption turned off
Consumption turned off
Consumption turned off

annualizedRet =

   -0.0856

Elapsed time is 2268.226425 seconds.

str =

Running model CIR path 76

Consumption turned off
Consumption turned off
Consumption turned off
Consumption turned off
Consumption turned off
Consumption turned off
Consumption turned off
Consumption turned off
Consumption turned off
Consumption turned off
Consumption turned off
Consumption turned off
Consumption turned off
Consumption turned off
Consumption turned off
Consumption turned off
Consumption turned off
Consumption turned off
Consumption turned off
Consumption turned off
Consumption turned off
Consumption turned off
Consumption turned off
Consumption turned off
Consumption turned off
Consumption turned off
Consumption turned off
Consumption turned off
Consumption turned off
Consumption turned off
Consumption turned off
Consumption turned off

annualizedRet =

   -0.0343

Elapsed time is 3282.924991 seconds.

str =

Running model CIR path 77

Consumption turned off
Consumption turned off
Consumption turned off
Consumption turned off
Consumption turned off
Consumption turned off
Consumption turned off
Consumption turned off
Consumption turned off
Consumption turned off
Consumption turned off
Consumption turned off
Consumption turned off
Consumption turned off
Consumption turned off
Consumption turned off
Consumption turned off

annualizedRet =

    0.2194

Elapsed time is 2135.301418 seconds.

str =

Running model CIR path 78

Consumption turned off
Consumption turned off
Consumption turned off
Consumption turned off
Consumption turned off
Consumption turned off
Consumption turned off
Consumption turned off
Consumption turned off
Consumption turned off
Consumption turned off

annualizedRet =

    0.2119

Elapsed time is 1719.112097 seconds.

str =

Running model CIR path 79

Consumption turned off
Consumption turned off
Consumption turned off
Consumption turned off
Consumption turned off
Consumption turned off
Consumption turned off
Consumption turned off
Consumption turned off
Consumption turned off
Consumption turned off
Consumption turned off
Consumption turned off
Consumption turned off
Consumption turned off
Consumption turned off

annualizedRet =

   -0.0071

Elapsed time is 2062.372664 seconds.

str =

Running model CIR path 80

Consumption turned off
Consumption turned off
Consumption turned off

annualizedRet =

   -0.1080

Elapsed time is 491.963580 seconds.

str =

Running model CIR path 81

Consumption turned off
Consumption turned off
Consumption turned off
Consumption turned off
Consumption turned off
Consumption turned off
Consumption turned off
Consumption turned off
Consumption turned off
Consumption turned off
Consumption turned off
Consumption turned off
Consumption turned off
Consumption turned off
Consumption turned off
Consumption turned off
Consumption turned off
Consumption turned off
Consumption turned off
Consumption turned off
Consumption turned off
Consumption turned off
Consumption turned off
Consumption turned off
Consumption turned off
Consumption turned off
Consumption turned off
Consumption turned off
Consumption turned off
Consumption turned off
Consumption turned off

annualizedRet =

   -0.0208

Elapsed time is 3129.844808 seconds.

str =

Running model CIR path 82

Consumption turned off
Consumption turned off
Consumption turned off
Consumption turned off
Consumption turned off
Consumption turned off
Consumption turned off
Consumption turned off
Consumption turned off
Consumption turned off
Consumption turned off
Consumption turned off

annualizedRet =

   -0.1327

Elapsed time is 1572.630218 seconds.

str =

Running model CIR path 83

Consumption turned off
Consumption turned off
Consumption turned off
Consumption turned off
Consumption turned off
Consumption turned off
Consumption turned off
Consumption turned off
Consumption turned off
Consumption turned off
Consumption turned off
Consumption turned off

annualizedRet =

   -0.0738

Elapsed time is 2182.832945 seconds.

str =

Running model CIR path 84

Consumption turned off
Consumption turned off
Consumption turned off
Consumption turned off
Consumption turned off
Consumption turned off
Consumption turned off
Consumption turned off
Consumption turned off
Consumption turned off

annualizedRet =

   -0.0733

Elapsed time is 1929.604493 seconds.

str =

Running model CIR path 85

Consumption turned off
Consumption turned off
Consumption turned off
Consumption turned off
Consumption turned off
Consumption turned off
Consumption turned off
Consumption turned off
Consumption turned off
Consumption turned off
Consumption turned off
Consumption turned off
Consumption turned off
Consumption turned off
Consumption turned off

annualizedRet =

   -0.0610

Elapsed time is 2040.698594 seconds.

str =

Running model CIR path 86

Consumption turned off
Consumption turned off
Consumption turned off
Consumption turned off
Consumption turned off
Consumption turned off
Consumption turned off
Consumption turned off
Consumption turned off
Consumption turned off
Consumption turned off
Consumption turned off
Consumption turned off
Consumption turned off
Consumption turned off
Consumption turned off
Consumption turned off
Consumption turned off
Consumption turned off
Consumption turned off
Consumption turned off
Consumption turned off
Consumption turned off
Consumption turned off
Consumption turned off
Consumption turned off
Consumption turned off
Consumption turned off
Consumption turned off
Consumption turned off
Consumption turned off
Consumption turned off
Consumption turned off

annualizedRet =

   -0.0405

Elapsed time is 3226.768952 seconds.

str =

Running model CIR path 87

Consumption turned off
Consumption turned off
Consumption turned off
Consumption turned off
Consumption turned off
Consumption turned off
Consumption turned off
Consumption turned off
Consumption turned off
Consumption turned off
Consumption turned off
Consumption turned off
Consumption turned off
Consumption turned off
Consumption turned off
Consumption turned off
Consumption turned off
Consumption turned off
Consumption turned off
Consumption turned off
Consumption turned off
Consumption turned off
Consumption turned off
Consumption turned off

annualizedRet =

    0.2605

Elapsed time is 2820.220911 seconds.

str =

Running model CIR path 88

Consumption turned off
Consumption turned off
Consumption turned off
Consumption turned off
Consumption turned off
Consumption turned off
Consumption turned off
Consumption turned off
Consumption turned off
Consumption turned off

annualizedRet =

   -0.1032

Elapsed time is 1507.360148 seconds.

str =

Running model CIR path 89

Consumption turned off
Consumption turned off
Consumption turned off
Consumption turned off
Consumption turned off
Consumption turned off
Consumption turned off
Consumption turned off
Consumption turned off
Consumption turned off
Consumption turned off
Consumption turned off
Consumption turned off
Consumption turned off
Consumption turned off
Consumption turned off

annualizedRet =

   5.7230e-04

Elapsed time is 2086.728822 seconds.

str =

Running model CIR path 90

Consumption turned off
Consumption turned off
Consumption turned off
Consumption turned off
Consumption turned off
Consumption turned off
Consumption turned off
Consumption turned off
Consumption turned off
Consumption turned off
Consumption turned off
Consumption turned off
Consumption turned off
Consumption turned off
Consumption turned off
Consumption turned off
Consumption turned off

annualizedRet =

    0.2224

Elapsed time is 2160.836777 seconds.

str =

Running model CIR path 91

Consumption turned off
Consumption turned off
Consumption turned off
Consumption turned off
Consumption turned off
Consumption turned off
Consumption turned off
Consumption turned off
Consumption turned off

annualizedRet =

   -0.0807

Elapsed time is 1378.879175 seconds.

str =

Running model CIR path 92

Consumption turned off
Consumption turned off
Consumption turned off
Consumption turned off
Consumption turned off
Consumption turned off
Consumption turned off
Consumption turned off
Consumption turned off
Consumption turned off
Consumption turned off

annualizedRet =

   -0.1106

Elapsed time is 1533.716088 seconds.

str =

Running model CIR path 93

Consumption turned off
Consumption turned off
Consumption turned off
Consumption turned off
Consumption turned off
Consumption turned off
Consumption turned off
Consumption turned off
Consumption turned off
Consumption turned off
Consumption turned off
Consumption turned off
Consumption turned off
Consumption turned off
Consumption turned off

annualizedRet =

    0.0542

Elapsed time is 1957.865515 seconds.

str =

Running model CIR path 94

Consumption turned off
Consumption turned off
Consumption turned off
Consumption turned off
Consumption turned off
Consumption turned off
Consumption turned off
Consumption turned off
Consumption turned off
Consumption turned off
Consumption turned off
Consumption turned off
Consumption turned off
Consumption turned off
Consumption turned off
Consumption turned off

annualizedRet =

   -0.1079

Elapsed time is 2086.149057 seconds.

str =

Running model CIR path 95

Consumption turned off
Consumption turned off
Consumption turned off
Consumption turned off
Consumption turned off
Consumption turned off
Consumption turned off
Consumption turned off
Consumption turned off
Consumption turned off
Consumption turned off
Consumption turned off
Consumption turned off
Consumption turned off
Consumption turned off

annualizedRet =

    0.2352

Elapsed time is 2018.085376 seconds.

str =

Running model CIR path 96

Consumption turned off
Consumption turned off
Consumption turned off
Consumption turned off
Consumption turned off
Consumption turned off
Consumption turned off
Consumption turned off

annualizedRet =

    0.2213

Elapsed time is 1253.636793 seconds.

str =

Running model CIR path 97

Consumption turned off
Consumption turned off
Consumption turned off
Consumption turned off
Consumption turned off
Consumption turned off
Consumption turned off
Consumption turned off
Consumption turned off
Consumption turned off
Consumption turned off
Consumption turned off
Consumption turned off
Consumption turned off
Consumption turned off
Consumption turned off
Consumption turned off
Consumption turned off
Consumption turned off
Consumption turned off
Consumption turned off
Consumption turned off
Consumption turned off
Consumption turned off

annualizedRet =

   -0.0156

Elapsed time is 3516.290179 seconds.

str =

Running model CIR path 98

Consumption turned off
Consumption turned off
Consumption turned off
Consumption turned off
Consumption turned off
Consumption turned off
Consumption turned off
Consumption turned off
Consumption turned off
Consumption turned off
Consumption turned off
Consumption turned off
Consumption turned off
Consumption turned off
Consumption turned off
Consumption turned off
Consumption turned off
Consumption turned off
Consumption turned off
Consumption turned off
Consumption turned off
Consumption turned off
Consumption turned off
Consumption turned off
Consumption turned off
Consumption turned off

annualizedRet =

    0.2741

Elapsed time is 2783.644359 seconds.

str =

Running model CIR path 99

Consumption turned off
Consumption turned off
Consumption turned off
Consumption turned off
Consumption turned off
Consumption turned off
Consumption turned off

annualizedRet =

   -0.0636

Elapsed time is 1030.971429 seconds.

str =

Running model CIR path 100

Consumption turned off
Consumption turned off
Consumption turned off
Consumption turned off
Consumption turned off
Consumption turned off
Consumption turned off
Consumption turned off
Consumption turned off
Consumption turned off
Consumption turned off

annualizedRet =

    0.2193

Elapsed time is 1613.167567 seconds.

averageWT =

   1.0445e+05


averageUT =

  -1.3597e-36

>> >> [Warning: Objects of datamanager.linkbehavior class exist - not clearing this
class or any of its superclasses] 
[Warning: Objects of datamanager.brushbehavior class exist - not clearing this
class or any of its superclasses] 
[Warning: Objects of graph2d.lineseries class exist - not clearing this class or
any of its superclasses] 
[Warning: Objects of graph2d.series class exist - not clearing this class or any
of its superclasses] 
[Warning: Objects of specgraph.stairseries class exist - not clearing this class
or any of its superclasses] 
[Warning: Objects of graphics.linkprop class exist - not clearing this class or
any of its superclasses] 
[Warning: Objects of graphics.panbehavior class exist - not clearing this class
or any of its superclasses] 
[Warning: Objects of graphics.zoombehavior class exist - not clearing this class
or any of its superclasses] 
[Warning: Objects of graphics.rotate3dbehavior class exist - not clearing this
class or any of its superclasses] 
[Warning: Objects of graphics.datacursorbehavior class exist - not clearing this
class or any of its superclasses] 
[Warning: Objects of graphics.ploteditbehavior class exist - not clearing this
class or any of its superclasses] 
[Warning: Objects of scribe.legend class exist - not clearing this class or any
of its superclasses] 
[Warning: Objects of scribe.legendinfo class exist - not clearing this class or
any of its superclasses] 
[Warning: Objects of scribe.legendinfochild class exist - not clearing this
class or any of its superclasses] 
